Drill report for GP2040-RE.kicad_pcb
Created on 2024-08-08T16:53:48-0500

Copper Layer Stackup:
    =============================================================
    L1 :  F.Cu                      front
    L2 :  B.Cu                      back


Drill file 'GP2040-RE-PTH.drl' contains
    plated through holes:
    =============================================================
    T1  0.300mm  0.0118"  (41 holes)
    T2  0.762mm  0.0300"  (34 holes)
    T3  0.813mm  0.0320"  (8 holes)
    T4  1.000mm  0.0394"  (41 holes)
    T5  1.016mm  0.0400"  (48 holes)

    Total plated holes count 172


Drill file 'GP2040-RE-NPTH.drl' contains
    unplated through holes:
    =============================================================
    T1  3.500mm  0.1378"  (4 holes)

    Total unplated holes count 4
